-------------------------------------------------------------------------------
Test set: com.example.demo.UserModeApplicationTests
-------------------------------------------------------------------------------
Tests run: 1, Failures: 0, Errors: 1, Skipped: 0, Time elapsed: 3.277 s <<< FAILURE! - in com.example.demo.UserModeApplicationTests
com.example.demo.UserModeApplicationTests  Time elapsed: 3.209 s  <<< ERROR!
java.lang.IllegalStateException: Unable to find a @SpringBootConfiguration, you need to use @ContextConfiguration or @SpringBootTest(classes=...) with your test

